--CM1--
2022-09-17 18:40:38,501|35184372379520|__init__|main|Initializing analyzer
2022-09-17 18:40:41,081|35184372379520|__initialize_clusters|local|Cluster initialized (http://192.168.64.232:3446/status)
2022-09-17 18:40:41,146|35184372379520|__initialize_clusters|tmid|Cluster initialized (http://192.168.64.232:3447/status)
2022-09-17 18:40:41,206|35184372379520|__initialize_clusters|proc_id|Cluster initialized (http://192.168.64.232:3448/status)
2022-09-17 18:40:41,266|35184372379520|__initialize_clusters|file_id|Cluster initialized (http://192.168.64.232:3449/status)
2022-09-17 18:40:41,284|35184372379520|__initialize_clients|local|Client initialized
2022-09-17 18:40:41,298|35184372379520|__initialize_clients|tmid|Client initialized
2022-09-17 18:40:41,310|35184372379520|__initialize_clients|proc_id|Client initialized
2022-09-17 18:40:41,322|35184372379520|__initialize_clients|file_id|Client initialized
2022-09-17 18:40:41,323|35184372379520|__scale_clusters|tmid|Scaling cluster to 32 nodes
2022-09-17 18:40:41,324|35184372379520|__scale_clusters|proc_id|Scaling cluster to 32 nodes
2022-09-17 18:40:41,334|35184372379520|__scale_clusters|file_id|Scaling cluster to 32 nodes
2022-09-17 18:40:41,334|35184372379520|__ensure_logs_partitioned|main|Logs partitioned before: True
2022-09-17 18:40:42,412|35186786365872|__wait_until_workers_alive|file_id|0/8 workers running
2022-09-17 18:40:42,422|35186782106032|__wait_until_workers_alive|proc_id|0/8 workers running
2022-09-17 18:40:42,432|35186777846192|__wait_until_workers_alive|tmid|0/8 workers running
2022-09-17 18:40:47,419|35186786365872|__wait_until_workers_alive|file_id|0/8 workers running
2022-09-17 18:40:47,429|35186782106032|__wait_until_workers_alive|proc_id|0/8 workers running
2022-09-17 18:40:47,439|35186777846192|__wait_until_workers_alive|tmid|0/8 workers running
2022-09-17 18:40:52,425|35186786365872|__wait_until_workers_alive|file_id|0/8 workers running
2022-09-17 18:40:52,435|35186782106032|__wait_until_workers_alive|proc_id|0/8 workers running
2022-09-17 18:40:52,445|35186777846192|__wait_until_workers_alive|tmid|0/8 workers running
2022-09-17 18:40:57,432|35186786365872|__wait_until_workers_alive|file_id|0/8 workers running
2022-09-17 18:40:57,441|35186782106032|__wait_until_workers_alive|proc_id|0/8 workers running
2022-09-17 18:40:57,447|35186777846192|__wait_until_workers_alive|tmid|0/8 workers running
2022-09-17 18:41:02,441|35186786365872|__wait_until_workers_alive|file_id|All workers alive
2022-09-17 18:41:02,445|35186786365872|__compute_min_max|filenames|Min-max of filenames: 25685200464203268-18412946337419420655
2022-09-17 18:41:02,450|35186782106032|__wait_until_workers_alive|proc_id|All workers alive
2022-09-17 18:41:02,454|35186782106032|__compute_min_max|processes|Min-max of processes: 6975794352115214996-6975794352199035540
2022-09-17 18:41:02,460|35186777846192|__wait_until_workers_alive|tmid|All workers alive
2022-09-17 18:41:02,460|35186777846192|__compute_min_max|tmid|Min-max of tmid: 0-248265188412
2022-09-17 18:41:02,497|35186786365872|__exit__|file_id|Logs read|0.052368017844855785
2022-09-17 18:41:02,521|35186782106032|__exit__|proc_id|Logs read|0.06709055602550507
2022-09-17 18:41:02,544|35186777846192|__exit__|tmid|Logs read|0.08386039268225431
2022-09-17 18:41:05,402|35186777846192|__exit__|tmid|Logs indexed|2.858004849869758
2022-09-17 18:41:05,409|35186777846192|__exit__|tmid|Logs persisted|0.006257338915020227
2022-09-17 18:41:05,459|35186782106032|__exit__|proc_id|Logs indexed|2.938158339820802
2022-09-17 18:41:05,468|35186782106032|__exit__|proc_id|Logs persisted|0.008103512227535248
2022-09-17 18:41:06,662|35186786365872|__exit__|file_id|Logs indexed|4.164562291931361
2022-09-17 18:41:06,668|35186786365872|__exit__|file_id|Logs persisted|0.005956876091659069
2022-09-17 18:41:08,782|35186782106032|__exit__|file_id|Metrics computed|3.3113888250663877
2022-09-17 18:41:52,976|35186777846192|__exit__|proc_id|Metrics computed|47.11046139895916
2022-09-17 18:42:02,265|35186786365872|__exit__|proc_id|Metrics computed|54.77381078712642
--GENOME--
2022-09-17 18:44:14,792|35184372379520|__init__|main|Initializing analyzer
2022-09-17 18:44:17,161|35184372379520|__initialize_clusters|local|Cluster initialized (http://192.168.64.232:3446/status)
2022-09-17 18:44:17,222|35184372379520|__initialize_clusters|tmid|Cluster initialized (http://192.168.64.232:3447/status)
2022-09-17 18:44:17,280|35184372379520|__initialize_clusters|proc_id|Cluster initialized (http://192.168.64.232:3448/status)
2022-09-17 18:44:17,341|35184372379520|__initialize_clusters|file_id|Cluster initialized (http://192.168.64.232:3449/status)
2022-09-17 18:44:17,359|35184372379520|__initialize_clients|local|Client initialized
2022-09-17 18:44:17,371|35184372379520|__initialize_clients|tmid|Client initialized
2022-09-17 18:44:17,384|35184372379520|__initialize_clients|proc_id|Client initialized
2022-09-17 18:44:17,396|35184372379520|__initialize_clients|file_id|Client initialized
2022-09-17 18:44:17,397|35184372379520|__scale_clusters|tmid|Scaling cluster to 32 nodes
2022-09-17 18:44:17,398|35184372379520|__scale_clusters|proc_id|Scaling cluster to 32 nodes
2022-09-17 18:44:17,399|35184372379520|__scale_clusters|file_id|Scaling cluster to 32 nodes
2022-09-17 18:44:17,599|35184372379520|__ensure_logs_partitioned|main|Logs partitioned before: True
2022-09-17 18:44:18,147|35186786890160|__wait_until_workers_alive|file_id|0/8 workers running
2022-09-17 18:44:18,158|35186782630320|__wait_until_workers_alive|proc_id|0/8 workers running
2022-09-17 18:44:18,167|35186778370480|__wait_until_workers_alive|tmid|0/8 workers running
2022-09-17 18:44:23,154|35186786890160|__wait_until_workers_alive|file_id|0/8 workers running
2022-09-17 18:44:23,165|35186782630320|__wait_until_workers_alive|proc_id|0/8 workers running
2022-09-17 18:44:23,174|35186778370480|__wait_until_workers_alive|tmid|0/8 workers running
2022-09-17 18:44:28,157|35186786890160|__wait_until_workers_alive|file_id|0/8 workers running
2022-09-17 18:44:28,171|35186782630320|__wait_until_workers_alive|proc_id|0/8 workers running
2022-09-17 18:44:28,180|35186778370480|__wait_until_workers_alive|tmid|0/8 workers running
2022-09-17 18:44:33,163|35186786890160|__wait_until_workers_alive|file_id|0/8 workers running
2022-09-17 18:44:33,177|35186782630320|__wait_until_workers_alive|proc_id|0/8 workers running
2022-09-17 18:44:33,187|35186778370480|__wait_until_workers_alive|tmid|0/8 workers running
2022-09-17 18:44:38,175|35186786890160|__wait_until_workers_alive|file_id|All workers alive
2022-09-17 18:44:38,184|35186782630320|__wait_until_workers_alive|proc_id|0/8 workers running
2022-09-17 18:44:38,196|35186778370480|__wait_until_workers_alive|tmid|All workers alive
2022-09-17 18:44:43,192|35186782630320|__wait_until_workers_alive|proc_id|All workers alive
2022-09-17 18:44:44,968|35186778370480|__compute_min_max|tmid|Min-max of tmid: 0-318289967883
2022-09-17 18:44:45,113|35186786890160|__exit__|filenames|Min-max tasks arranged|0.14061375008895993
2022-09-17 18:44:45,151|35186782630320|__exit__|processes|Min-max tasks arranged|0.159850446972996
2022-09-17 18:44:45,222|35186778370480|__exit__|tmid|Logs read|0.2534075821749866
2022-09-17 18:45:04,193|35186778370480|__exit__|tmid|Logs indexed|18.971577091142535
2022-09-17 18:45:04,218|35186778370480|__exit__|tmid|Logs persisted|0.02391904406249523
2022-09-17 19:13:31,239|35184372379520|__init__|main|Initializing analyzer
2022-09-17 19:13:37,004|35184372379520|__initialize_clusters|local|Cluster initialized (http://192.168.64.232:3446/status)
2022-09-17 19:13:37,202|35184372379520|__initialize_clusters|tmid|Cluster initialized (http://192.168.64.232:3447/status)
2022-09-17 19:13:37,434|35184372379520|__initialize_clusters|proc_id|Cluster initialized (http://192.168.64.232:3448/status)
2022-09-17 19:13:37,647|35184372379520|__initialize_clusters|file_id|Cluster initialized (http://192.168.64.232:3449/status)
2022-09-17 19:13:37,744|35184372379520|__initialize_clients|local|Client initialized
2022-09-17 19:13:37,779|35184372379520|__initialize_clients|tmid|Client initialized
2022-09-17 19:13:37,819|35184372379520|__initialize_clients|proc_id|Client initialized
2022-09-17 19:13:37,862|35184372379520|__initialize_clients|file_id|Client initialized
2022-09-17 19:13:37,865|35184372379520|__scale_clusters|tmid|Scaling cluster to 32 nodes
2022-09-17 19:13:37,867|35184372379520|__scale_clusters|proc_id|Scaling cluster to 32 nodes
2022-09-17 19:13:37,869|35184372379520|__scale_clusters|file_id|Scaling cluster to 32 nodes
2022-09-17 19:13:37,873|35184372379520|__ensure_logs_partitioned|main|Logs partitioned before: True
2022-09-17 19:13:38,698|35187745878448|__wait_until_workers_alive|file_id|0/8 workers running
2022-09-17 19:13:38,709|35187737358768|__wait_until_workers_alive|tmid|0/8 workers running
2022-09-17 19:13:38,722|35187741618608|__wait_until_workers_alive|proc_id|0/8 workers running
2022-09-17 19:13:43,704|35187745878448|__wait_until_workers_alive|file_id|0/8 workers running
2022-09-17 19:13:43,718|35187737358768|__wait_until_workers_alive|tmid|0/8 workers running
2022-09-17 19:13:43,732|35187741618608|__wait_until_workers_alive|proc_id|0/8 workers running
2022-09-17 19:13:49,049|35187741618608|__wait_until_workers_alive|proc_id|0/8 workers running
2022-09-17 19:13:49,106|35187737358768|__wait_until_workers_alive|tmid|0/8 workers running
2022-09-17 19:13:49,174|35187745878448|__wait_until_workers_alive|file_id|0/8 workers running
2022-09-17 19:13:54,148|35187737358768|__wait_until_workers_alive|tmid|0/8 workers running
2022-09-17 19:13:54,163|35187741618608|__wait_until_workers_alive|proc_id|0/8 workers running
2022-09-17 19:13:54,197|35187745878448|__wait_until_workers_alive|file_id|0/8 workers running
2022-09-17 19:13:59,182|35187737358768|__wait_until_workers_alive|tmid|All workers alive
2022-09-17 19:13:59,188|35187737358768|__compute_min_max|tmid|Min-max of tmid: 0-318289967883
2022-09-17 19:13:59,188|35187741618608|__wait_until_workers_alive|proc_id|All workers alive
2022-09-17 19:13:59,398|35187741618608|__exit__|processes|Min-max tasks arranged|0.17938284715637565
2022-09-17 19:13:59,418|35187745878448|__wait_until_workers_alive|file_id|All workers alive
2022-09-17 19:13:59,862|35187745878448|__exit__|filenames|Min-max tasks arranged|0.2699412740767002
2022-09-17 19:14:00,006|35187737358768|__exit__|tmid|Logs read|0.8167946180328727
2022-09-17 19:14:37,898|35187737358768|__exit__|tmid|Logs indexed|37.890397833660245
2022-09-17 19:14:37,967|35187737358768|__exit__|tmid|Logs persisted|0.06798192718997598
2022-09-17 19:21:39,533|35184372379520|__init__|main|Initializing analyzer
2022-09-17 19:21:45,076|35184372379520|__initialize_clusters|local|Cluster initialized (http://192.168.64.232:3446/status)
2022-09-17 19:21:45,290|35184372379520|__initialize_clusters|tmid|Cluster initialized (http://192.168.64.232:3447/status)
2022-09-17 19:21:45,491|35184372379520|__initialize_clusters|proc_id|Cluster initialized (http://192.168.64.232:3448/status)
2022-09-17 19:21:45,681|35184372379520|__initialize_clusters|file_id|Cluster initialized (http://192.168.64.232:3449/status)
2022-09-17 19:21:45,749|35184372379520|__initialize_clients|local|Client initialized
2022-09-17 19:21:45,790|35184372379520|__initialize_clients|tmid|Client initialized
2022-09-17 19:21:45,841|35184372379520|__initialize_clients|proc_id|Client initialized
2022-09-17 19:21:45,878|35184372379520|__initialize_clients|file_id|Client initialized
2022-09-17 19:21:45,879|35184372379520|__scale_clusters|tmid|Scaling cluster to 32 nodes
2022-09-17 19:21:45,882|35184372379520|__scale_clusters|proc_id|Scaling cluster to 32 nodes
2022-09-17 19:21:45,888|35184372379520|__scale_clusters|file_id|Scaling cluster to 32 nodes
2022-09-17 19:21:45,888|35184372379520|__ensure_logs_partitioned|main|Logs partitioned before: True
2022-09-17 19:23:26,838|35187745878448|__wait_until_workers_alive|file_id|0/8 workers running
2022-09-17 19:23:26,883|35187737358768|__wait_until_workers_alive|tmid|0/8 workers running
2022-09-17 19:23:26,905|35187741618608|__wait_until_workers_alive|proc_id|0/8 workers running
2022-09-17 19:23:31,850|35187745878448|__wait_until_workers_alive|file_id|0/8 workers running
2022-09-17 19:23:31,901|35187737358768|__wait_until_workers_alive|tmid|0/8 workers running
2022-09-17 19:23:31,914|35187741618608|__wait_until_workers_alive|proc_id|0/8 workers running
2022-09-17 19:23:36,861|35187745878448|__wait_until_workers_alive|file_id|0/8 workers running
2022-09-17 19:23:36,910|35187737358768|__wait_until_workers_alive|tmid|0/8 workers running
2022-09-17 19:23:36,926|35187741618608|__wait_until_workers_alive|proc_id|0/8 workers running
2022-09-17 19:23:41,880|35187745878448|__wait_until_workers_alive|file_id|All workers alive
2022-09-17 19:23:41,995|35187737358768|__wait_until_workers_alive|tmid|All workers alive
2022-09-17 19:23:41,999|35187737358768|__compute_min_max|tmid|Min-max of tmid: 0-318289967883
2022-09-17 19:23:42,044|35187741618608|__wait_until_workers_alive|proc_id|All workers alive
2022-09-17 19:23:42,341|35187737358768|__exit__|tmid|Logs read|0.3418198088183999
2022-09-17 19:24:13,942|35187737358768|__exit__|tmid|Logs indexed|31.598603361751884
2022-09-17 19:24:14,007|35187737358768|__exit__|tmid|Logs persisted|0.06407579593360424
2022-09-17 19:24:52,203|35184372379520|__init__|main|Initializing analyzer
2022-09-17 19:24:57,982|35184372379520|__initialize_clusters|local|Cluster initialized (http://192.168.64.232:3446/status)
2022-09-17 19:24:58,190|35184372379520|__initialize_clusters|tmid|Cluster initialized (http://192.168.64.232:3447/status)
2022-09-17 19:24:58,383|35184372379520|__initialize_clusters|proc_id|Cluster initialized (http://192.168.64.232:3448/status)
2022-09-17 19:24:58,576|35184372379520|__initialize_clusters|file_id|Cluster initialized (http://192.168.64.232:3449/status)
2022-09-17 19:24:58,646|35184372379520|__initialize_clients|local|Client initialized
2022-09-17 19:24:58,694|35184372379520|__initialize_clients|tmid|Client initialized
2022-09-17 19:24:58,745|35184372379520|__initialize_clients|proc_id|Client initialized
2022-09-17 19:24:58,786|35184372379520|__initialize_clients|file_id|Client initialized
2022-09-17 19:24:58,790|35184372379520|__scale_clusters|tmid|Scaling cluster to 32 nodes
2022-09-17 19:24:58,791|35184372379520|__scale_clusters|proc_id|Scaling cluster to 32 nodes
2022-09-17 19:24:58,793|35184372379520|__scale_clusters|file_id|Scaling cluster to 32 nodes
2022-09-17 19:24:58,794|35184372379520|__ensure_logs_partitioned|main|Logs partitioned before: True
2022-09-17 19:26:39,690|35187737096624|__wait_until_workers_alive|tmid|0/8 workers running
2022-09-17 19:26:39,766|35187741356464|__wait_until_workers_alive|proc_id|0/8 workers running
2022-09-17 19:26:39,790|35187745878448|__wait_until_workers_alive|file_id|0/8 workers running
2022-09-17 19:26:44,705|35187737096624|__wait_until_workers_alive|tmid|0/8 workers running
2022-09-17 19:26:44,779|35187741356464|__wait_until_workers_alive|proc_id|0/8 workers running
2022-09-17 19:26:44,801|35187745878448|__wait_until_workers_alive|file_id|0/8 workers running
2022-09-17 19:26:49,717|35187737096624|__wait_until_workers_alive|tmid|0/8 workers running
2022-09-17 19:26:49,787|35187741356464|__wait_until_workers_alive|proc_id|0/8 workers running
2022-09-17 19:26:49,809|35187745878448|__wait_until_workers_alive|file_id|0/8 workers running
2022-09-17 19:26:55,049|35187741356464|__wait_until_workers_alive|proc_id|All workers alive
2022-09-17 19:26:55,571|35187745878448|__wait_until_workers_alive|file_id|0/8 workers running
2022-09-17 19:26:55,670|35187741356464|__exit__|processes|Min-max tasks arranged|0.6050340360961854
2022-09-17 19:26:55,936|35187741356464|__exit__|processes|Min-max tasks completed|0.26574181392788887
2022-09-17 19:26:57,760|35187737096624|__wait_until_workers_alive|tmid|0/8 workers running
2022-09-17 19:27:01,178|35187745878448|__wait_until_workers_alive|file_id|All workers alive
2022-09-17 19:27:01,829|35187745878448|__exit__|filenames|Min-max tasks arranged|0.5789983058348298
2022-09-17 19:27:01,998|35187745878448|__exit__|filenames|Min-max tasks completed|0.16792386677116156
2022-09-17 19:27:02,801|35187737096624|__wait_until_workers_alive|tmid|All workers alive
2022-09-17 19:27:02,813|35187737096624|__compute_min_max|tmid|Min-max of tmid: 0-318289967883
2022-09-17 19:27:03,198|35187737096624|__exit__|tmid|Logs read|0.3847121181897819
2022-09-17 19:27:46,286|35187737096624|__exit__|tmid|Logs indexed|43.087011707015336
2022-09-17 19:27:46,349|35187737096624|__exit__|tmid|Logs persisted|0.061153237242251635
2022-09-17 19:33:07,923|35187737096624|__exit__|proc_id|Metrics computed|317.51094510871917
2022-09-17 20:06:00,725|35184372379520|__init__|main|Initializing analyzer
2022-09-17 20:06:06,282|35184372379520|__initialize_clusters|local|Cluster initialized (http://192.168.64.232:3446/status)
2022-09-17 20:06:06,516|35184372379520|__initialize_clusters|tmid|Cluster initialized (http://192.168.64.232:3447/status)
2022-09-17 20:06:06,712|35184372379520|__initialize_clusters|proc_id|Cluster initialized (http://192.168.64.232:3448/status)
2022-09-17 20:06:06,906|35184372379520|__initialize_clusters|file_id|Cluster initialized (http://192.168.64.232:3449/status)
2022-09-17 20:06:06,982|35184372379520|__initialize_clients|local|Client initialized
2022-09-17 20:06:07,043|35184372379520|__initialize_clients|tmid|Client initialized
2022-09-17 20:06:07,076|35184372379520|__initialize_clients|proc_id|Client initialized
2022-09-17 20:06:07,129|35184372379520|__initialize_clients|file_id|Client initialized
2022-09-17 20:06:07,133|35184372379520|__scale_clusters|tmid|Scaling cluster to 32 nodes
2022-09-17 20:06:07,136|35184372379520|__scale_clusters|proc_id|Scaling cluster to 32 nodes
2022-09-17 20:06:07,139|35184372379520|__scale_clusters|file_id|Scaling cluster to 32 nodes
2022-09-17 20:06:07,139|35184372379520|__ensure_logs_partitioned|main|Logs partitioned before: True
2022-09-17 20:07:01,257|35187741618608|__wait_until_workers_alive|proc_id|0/8 workers running
2022-09-17 20:07:01,584|35187745878448|__wait_until_workers_alive|file_id|0/8 workers running
2022-09-17 20:07:01,592|35187737358768|__wait_until_workers_alive|tmid|0/8 workers running
2022-09-17 20:07:06,292|35187741618608|__wait_until_workers_alive|proc_id|0/8 workers running
2022-09-17 20:07:06,597|35187745878448|__wait_until_workers_alive|file_id|0/8 workers running
2022-09-17 20:07:06,602|35187737358768|__wait_until_workers_alive|tmid|0/8 workers running
2022-09-17 20:07:11,534|35187741618608|__wait_until_workers_alive|proc_id|All workers alive
2022-09-17 20:07:11,635|35187745878448|__wait_until_workers_alive|file_id|0/8 workers running
2022-09-17 20:07:11,886|35187737358768|__wait_until_workers_alive|tmid|All workers alive
2022-09-17 20:07:11,897|35187737358768|__compute_min_max|tmid|Min-max of tmid: 0-318289967883
2022-09-17 20:07:12,505|35187737358768|__exit__|tmid|Logs read|0.6080951788462698
2022-09-17 20:07:16,674|35187745878448|__wait_until_workers_alive|file_id|All workers alive
2022-09-17 20:07:56,073|35187737358768|__exit__|tmid|Logs indexed|43.56605250108987
2022-09-17 20:07:56,134|35187737358768|__exit__|tmid|Logs persisted|0.060150687117129564
2022-09-17 20:10:20,077|35187745878448|__exit__|filenames|Min-max tasks arranged|174.77343375887722
2022-09-17 20:10:28,900|35187745878448|__exit__|filenames|Min-max tasks completed|8.799889460671693
2022-09-17 20:12:08,758|35184372379520|__init__|main|Initializing analyzer
2022-09-17 20:12:14,324|35184372379520|__initialize_clusters|local|Cluster initialized (http://192.168.64.232:3446/status)
2022-09-17 20:12:14,535|35184372379520|__initialize_clusters|tmid|Cluster initialized (http://192.168.64.232:3447/status)
2022-09-17 20:12:14,728|35184372379520|__initialize_clusters|proc_id|Cluster initialized (http://192.168.64.232:3448/status)
2022-09-17 20:12:14,921|35184372379520|__initialize_clusters|file_id|Cluster initialized (http://192.168.64.232:3449/status)
2022-09-17 20:12:14,994|35184372379520|__initialize_clients|local|Client initialized
2022-09-17 20:12:15,036|35184372379520|__initialize_clients|tmid|Client initialized
2022-09-17 20:12:15,083|35184372379520|__initialize_clients|proc_id|Client initialized
2022-09-17 20:12:15,133|35184372379520|__initialize_clients|file_id|Client initialized
2022-09-17 20:12:15,135|35184372379520|__scale_clusters|tmid|Scaling cluster to 32 nodes
2022-09-17 20:12:15,137|35184372379520|__scale_clusters|proc_id|Scaling cluster to 32 nodes
2022-09-17 20:12:15,140|35184372379520|__scale_clusters|file_id|Scaling cluster to 32 nodes
2022-09-17 20:12:15,144|35184372379520|__ensure_logs_partitioned|main|Logs partitioned before: True
2022-09-17 20:12:15,930|35187741356464|__wait_until_workers_alive|proc_id|0/8 workers running
2022-09-17 20:12:15,943|35187745878448|__wait_until_workers_alive|file_id|0/8 workers running
2022-09-17 20:12:15,953|35187737096624|__wait_until_workers_alive|tmid|0/8 workers running
2022-09-17 20:12:20,941|35187741356464|__wait_until_workers_alive|proc_id|0/8 workers running
2022-09-17 20:12:20,951|35187745878448|__wait_until_workers_alive|file_id|0/8 workers running
2022-09-17 20:12:20,965|35187737096624|__wait_until_workers_alive|tmid|0/8 workers running
2022-09-17 20:12:25,950|35187741356464|__wait_until_workers_alive|proc_id|0/8 workers running
2022-09-17 20:12:25,962|35187745878448|__wait_until_workers_alive|file_id|0/8 workers running
2022-09-17 20:12:25,973|35187737096624|__wait_until_workers_alive|tmid|0/8 workers running
2022-09-17 20:12:30,960|35187741356464|__wait_until_workers_alive|proc_id|0/8 workers running
2022-09-17 20:12:30,973|35187745878448|__wait_until_workers_alive|file_id|0/8 workers running
2022-09-17 20:12:30,987|35187737096624|__wait_until_workers_alive|tmid|All workers alive
2022-09-17 20:12:31,000|35187737096624|__compute_min_max|tmid|Min-max of tmid: 0-318289967883
2022-09-17 20:12:31,140|35187737096624|__exit__|tmid|Logs read|0.13990514911711216
2022-09-17 20:12:35,969|35187741356464|__wait_until_workers_alive|proc_id|0/8 workers running
2022-09-17 20:12:35,981|35187745878448|__wait_until_workers_alive|file_id|All workers alive
2022-09-17 20:12:36,496|35187745878448|__exit__|filenames|Min-max tasks arranged|0.5028750500641763
2022-09-17 20:12:40,983|35187741356464|__wait_until_workers_alive|proc_id|All workers alive
2022-09-17 20:12:41,669|35187741356464|__exit__|processes|Min-max tasks arranged|0.6736776828765869
2022-09-17 20:12:46,048|35187741356464|__exit__|processes|Min-max tasks completed|4.374722664710134
2022-09-17 20:12:56,010|35187737096624|__exit__|tmid|Logs indexed|24.868768790271133
2022-09-17 20:12:56,069|35187737096624|__exit__|tmid|Logs persisted|0.057848161086440086
2022-09-17 20:12:58,113|35187745878448|__exit__|filenames|Min-max tasks completed|21.61675204290077
2022-09-17 20:13:03,670|35187737096624|__exit__|proc_id|Metrics computed|2.870295804925263
2022-09-17 20:13:35,845|35184372379520|__init__|main|Initializing analyzer
2022-09-17 20:13:41,282|35184372379520|__initialize_clusters|local|Cluster initialized (http://192.168.64.232:3446/status)
2022-09-17 20:13:41,485|35184372379520|__initialize_clusters|tmid|Cluster initialized (http://192.168.64.232:3447/status)
2022-09-17 20:13:41,678|35184372379520|__initialize_clusters|proc_id|Cluster initialized (http://192.168.64.232:3448/status)
2022-09-17 20:13:41,874|35184372379520|__initialize_clusters|file_id|Cluster initialized (http://192.168.64.232:3449/status)
2022-09-17 20:13:41,941|35184372379520|__initialize_clients|local|Client initialized
2022-09-17 20:13:41,982|35184372379520|__initialize_clients|tmid|Client initialized
2022-09-17 20:13:42,022|35184372379520|__initialize_clients|proc_id|Client initialized
2022-09-17 20:13:42,075|35184372379520|__initialize_clients|file_id|Client initialized
2022-09-17 20:13:42,077|35184372379520|__scale_clusters|tmid|Scaling cluster to 32 nodes
2022-09-17 20:13:42,079|35184372379520|__scale_clusters|proc_id|Scaling cluster to 32 nodes
2022-09-17 20:13:42,081|35184372379520|__scale_clusters|file_id|Scaling cluster to 32 nodes
2022-09-17 20:13:42,083|35184372379520|__ensure_logs_partitioned|main|Logs partitioned before: True
2022-09-17 20:13:42,854|35187737358768|__wait_until_workers_alive|tmid|0/8 workers running
2022-09-17 20:13:43,934|35187745878448|__wait_until_workers_alive|file_id|0/8 workers running
2022-09-17 20:13:43,950|35187741618608|__wait_until_workers_alive|proc_id|0/8 workers running
2022-09-17 20:13:47,864|35187737358768|__wait_until_workers_alive|tmid|0/8 workers running
2022-09-17 20:13:48,943|35187745878448|__wait_until_workers_alive|file_id|0/8 workers running
2022-09-17 20:13:48,959|35187741618608|__wait_until_workers_alive|proc_id|0/8 workers running
2022-09-17 20:13:52,874|35187737358768|__wait_until_workers_alive|tmid|0/8 workers running
2022-09-17 20:13:53,954|35187745878448|__wait_until_workers_alive|file_id|0/8 workers running
2022-09-17 20:13:53,964|35187741618608|__wait_until_workers_alive|proc_id|0/8 workers running
2022-09-17 20:13:57,888|35187737358768|__wait_until_workers_alive|tmid|All workers alive
2022-09-17 20:13:57,892|35187737358768|__compute_min_max|tmid|Min-max of tmid: 0-318289967883
2022-09-17 20:13:58,136|35187737358768|__exit__|tmid|Logs read|0.2442062422633171
2022-09-17 20:13:58,987|35187745878448|__wait_until_workers_alive|file_id|All workers alive
2022-09-17 20:13:59,008|35187741618608|__wait_until_workers_alive|proc_id|All workers alive
2022-09-17 20:13:59,433|35187745878448|__exit__|filenames|Min-max tasks arranged|0.4146300097927451
2022-09-17 20:13:59,977|35187741618608|__exit__|processes|Min-max tasks arranged|0.9465712630189955
2022-09-17 20:14:28,141|35187737358768|__exit__|tmid|Logs indexed|30.00339575810358
2022-09-17 20:14:28,269|35187737358768|__exit__|tmid|Logs persisted|0.12670296989381313
2022-09-17 20:14:35,309|35187737358768|__exit__|proc_id|Metrics computed|2.599505339283496
2022-09-17 20:15:09,742|35184372379520|__init__|main|Initializing analyzer
2022-09-17 20:15:15,297|35184372379520|__initialize_clusters|local|Cluster initialized (http://192.168.64.232:3446/status)
2022-09-17 20:15:15,540|35184372379520|__initialize_clusters|tmid|Cluster initialized (http://192.168.64.232:3447/status)
2022-09-17 20:15:15,741|35184372379520|__initialize_clusters|proc_id|Cluster initialized (http://192.168.64.232:3448/status)
2022-09-17 20:15:15,932|35184372379520|__initialize_clusters|file_id|Cluster initialized (http://192.168.64.232:3449/status)
2022-09-17 20:15:16,025|35184372379520|__initialize_clients|local|Client initialized
2022-09-17 20:15:16,072|35184372379520|__initialize_clients|tmid|Client initialized
2022-09-17 20:15:16,106|35184372379520|__initialize_clients|proc_id|Client initialized
2022-09-17 20:15:16,152|35184372379520|__initialize_clients|file_id|Client initialized
2022-09-17 20:15:16,157|35184372379520|__scale_clusters|tmid|Scaling cluster to 32 nodes
2022-09-17 20:15:16,161|35184372379520|__scale_clusters|proc_id|Scaling cluster to 32 nodes
2022-09-17 20:15:16,167|35184372379520|__scale_clusters|file_id|Scaling cluster to 32 nodes
2022-09-17 20:15:16,170|35184372379520|__ensure_logs_partitioned|main|Logs partitioned before: True
2022-09-17 20:15:16,966|35187741618608|__wait_until_workers_alive|proc_id|0/8 workers running
2022-09-17 20:15:16,978|35187737358768|__wait_until_workers_alive|tmid|0/8 workers running
2022-09-17 20:15:16,991|35187745878448|__wait_until_workers_alive|file_id|0/8 workers running
2022-09-17 20:15:21,977|35187741618608|__wait_until_workers_alive|proc_id|0/8 workers running
2022-09-17 20:15:21,989|35187737358768|__wait_until_workers_alive|tmid|0/8 workers running
2022-09-17 20:15:22,005|35187745878448|__wait_until_workers_alive|file_id|0/8 workers running
2022-09-17 20:15:26,986|35187741618608|__wait_until_workers_alive|proc_id|0/8 workers running
2022-09-17 20:15:26,999|35187737358768|__wait_until_workers_alive|tmid|0/8 workers running
2022-09-17 20:15:27,014|35187745878448|__wait_until_workers_alive|file_id|0/8 workers running
2022-09-17 20:15:32,003|35187741618608|__wait_until_workers_alive|proc_id|All workers alive
2022-09-17 20:15:32,307|35187745878448|__wait_until_workers_alive|file_id|All workers alive
2022-09-17 20:15:32,391|35187737358768|__wait_until_workers_alive|tmid|All workers alive
2022-09-17 20:15:32,405|35187737358768|__compute_min_max|tmid|Min-max of tmid: 0-318289967883
2022-09-17 20:15:32,860|35187737358768|__exit__|tmid|Logs read|0.45449873385950923
2022-09-17 20:16:05,587|35187737358768|__exit__|tmid|Logs indexed|32.72510349517688
2022-09-17 20:16:05,711|35187737358768|__exit__|tmid|Logs persisted|0.1230770219117403
2022-09-17 20:16:12,125|35187737358768|__exit__|proc_id|Metrics computed|2.8245941889472306
2022-09-17 20:20:57,308|35184372379520|__init__|main|Initializing analyzer
2022-09-17 20:21:02,979|35184372379520|__initialize_clusters|local|Cluster initialized (http://192.168.64.232:3446/status)
2022-09-17 20:21:03,173|35184372379520|__initialize_clusters|tmid|Cluster initialized (http://192.168.64.232:3447/status)
2022-09-17 20:21:03,376|35184372379520|__initialize_clusters|proc_id|Cluster initialized (http://192.168.64.232:3448/status)
2022-09-17 20:21:03,575|35184372379520|__initialize_clusters|file_id|Cluster initialized (http://192.168.64.232:3449/status)
2022-09-17 20:21:03,662|35184372379520|__initialize_clients|local|Client initialized
2022-09-17 20:21:03,696|35184372379520|__initialize_clients|tmid|Client initialized
2022-09-17 20:21:03,739|35184372379520|__initialize_clients|proc_id|Client initialized
2022-09-17 20:21:03,786|35184372379520|__initialize_clients|file_id|Client initialized
2022-09-17 20:21:03,787|35184372379520|__scale_clusters|tmid|Scaling cluster to 32 nodes
2022-09-17 20:21:03,789|35184372379520|__scale_clusters|proc_id|Scaling cluster to 32 nodes
2022-09-17 20:21:03,792|35184372379520|__scale_clusters|file_id|Scaling cluster to 32 nodes
2022-09-17 20:21:03,793|35184372379520|__ensure_logs_partitioned|main|Logs partitioned before: True
2022-09-17 20:21:04,987|35187745878448|__wait_until_workers_alive|file_id|0/8 workers running
2022-09-17 20:21:04,999|35187741618608|__wait_until_workers_alive|proc_id|0/8 workers running
2022-09-17 20:21:05,012|35187737358768|__wait_until_workers_alive|tmid|0/8 workers running
2022-09-17 20:21:09,997|35187745878448|__wait_until_workers_alive|file_id|0/8 workers running
2022-09-17 20:21:10,006|35187741618608|__wait_until_workers_alive|proc_id|0/8 workers running
2022-09-17 20:21:10,022|35187737358768|__wait_until_workers_alive|tmid|0/8 workers running
2022-09-17 20:21:15,005|35187745878448|__wait_until_workers_alive|file_id|0/8 workers running
2022-09-17 20:21:15,017|35187741618608|__wait_until_workers_alive|proc_id|0/8 workers running
2022-09-17 20:21:15,028|35187737358768|__wait_until_workers_alive|tmid|0/8 workers running
2022-09-17 20:21:20,031|35187741618608|__wait_until_workers_alive|proc_id|All workers alive
2022-09-17 20:21:20,048|35187737358768|__wait_until_workers_alive|tmid|All workers alive
2022-09-17 20:21:20,056|35187737358768|__compute_min_max|tmid|Min-max of tmid: 0-318289967883
2022-09-17 20:21:20,347|35187745878448|__wait_until_workers_alive|file_id|All workers alive
2022-09-17 20:21:20,875|35187737358768|__exit__|tmid|Logs read|0.8186110309325159
2022-09-17 20:21:54,137|35187737358768|__exit__|tmid|Logs indexed|33.25127386813983
2022-09-17 20:21:54,194|35187737358768|__exit__|tmid|Logs persisted|0.05704513192176819
2022-09-17 20:22:00,665|35187737358768|__exit__|proc_id|Metrics computed|2.8575250948779285
2022-09-17 20:22:47,265|35187745878448|__compute_min_max|filenames|Min-max of filenames: 1803252634745-18446743149720484856
2022-09-17 20:22:47,265|35187741618608|__compute_min_max|processes|Min-max of processes: 543284264540571723-18324536105061320779
2022-09-17 20:22:47,373|35187745878448|__exit__|file_id|Logs read|0.10593087039887905
2022-09-17 20:22:47,375|35187741618608|__exit__|proc_id|Logs read|0.10664874780923128
2022-09-17 20:23:17,151|35187745878448|__exit__|file_id|Logs indexed|29.775290417019278
2022-09-17 20:23:17,217|35187745878448|__exit__|file_id|Logs persisted|0.06490221805870533
2022-09-17 20:23:20,927|35187741618608|__exit__|proc_id|Logs indexed|33.549898319877684
2022-09-17 20:23:21,016|35187741618608|__exit__|proc_id|Logs persisted|0.07712438190355897
2022-09-17 20:23:28,057|35187745878448|__exit__|file_id|Metrics computed|3.1627035969868302
2022-09-17 20:23:37,112|35187741618608|__exit__|proc_id|Metrics computed|2.919539785012603
